* using log directory ‘/Users/travis/build/CT-Data-Haven/covidpub/covidsite.Rcheck’
* using R version 3.6.2 (2019-12-12)
* using platform: x86_64-apple-darwin15.6.0 (64-bit)
* using session charset: UTF-8
* using options ‘--no-manual --as-cran’
* checking for file ‘covidsite/DESCRIPTION’ ... OK
* this is package ‘covidsite’ version ‘0.0.0.9000’
* checking package namespace information ... OK
* checking package dependencies ... OK
* checking if this is a source package ... OK
* checking if there is a namespace ... OK
* checking for executable files ... OK
* checking for hidden files and directories ... OK
* checking for portable file names ... OK
* checking for sufficient/correct file permissions ... OK
* checking serialization versions ... OK
* checking whether package ‘covidsite’ can be installed ... WARNING
Found the following significant warnings:
  Warning: replacing previous import ‘dplyr::intersect’ by ‘lubridate::intersect’ when loading ‘covidsite’
  Warning: replacing previous import ‘dplyr::union’ by ‘lubridate::union’ when loading ‘covidsite’
  Warning: replacing previous import ‘dplyr::setdiff’ by ‘lubridate::setdiff’ when loading ‘covidsite’
  Warning: replacing previous import ‘dplyr::group_rows’ by ‘kableExtra::group_rows’ when loading ‘covidsite’
  Warning: replacing previous import ‘purrr::discard’ by ‘scales::discard’ when loading ‘covidsite’
  Warning: replacing previous import ‘readr::col_factor’ by ‘scales::col_factor’ when loading ‘covidsite’
See ‘/Users/travis/build/CT-Data-Haven/covidpub/covidsite.Rcheck/00install.out’ for details.
* checking installed package size ... OK
* checking package directory ... OK
* checking for future file timestamps ... OK
* checking DESCRIPTION meta-information ... WARNING
Non-standard license specification:
  TBD
Standardizable: FALSE
* checking top-level files ... NOTE
Non-standard files/directories found at top level:
  ‘_site.yml’ ‘dist’ ‘index.Rmd’ ‘input_data’ ‘resources.md’ ‘scripts’
  ‘styles.css’
* checking for left-over files ... OK
* checking index information ... OK
* checking package subdirectories ... OK
* checking whether the package can be loaded ... OK
* checking whether the package can be loaded with stated dependencies ... OK
* checking whether the package can be unloaded cleanly ... OK
* checking whether the namespace can be loaded with stated dependencies ... OK
* checking whether the namespace can be unloaded cleanly ... OK
* checking loading without being on the library search path ... OK
* checking examples ... NONE
* checking for detritus in the temp directory ... OK
* DONE
Status: 2 WARNINGs, 1 NOTE
